{"C:\\Users\\engr Okei\\Okechukwu-muokwugwo\\ToDoList\\src\\modules\\addEvent.js": {"path":"C:\\Users\\engr Okei\\Okechukwu-muokwugwo\\ToDoList\\src\\modules\\addEvent.js","statementMap":{"0":{"start":{"line":1,"column":14},"end":{"line":1,"column":52}},"1":{"start":{"line":2,"column":13},"end":{"line":2,"column":44}},"2":{"start":{"line":3,"column":16},"end":{"line":3,"column":66}},"3":{"start":{"line":5,"column":13},"end":{"line":5,"column":59}},"4":{"start":{"line":10,"column":4},"end":{"line":10,"column":21}},"5":{"start":{"line":11,"column":4},"end":{"line":11,"column":21}},"6":{"start":{"line":12,"column":4},"end":{"line":12,"column":23}},"7":{"start":{"line":16,"column":24},"end":{"line":54,"column":4}},"8":{"start":{"line":17,"column":23},"end":{"line":18,"column":119}},"9":{"start":{"line":17,"column":42},"end":{"line":18,"column":109}},"10":{"start":{"line":19,"column":5},"end":{"line":19,"column":32}},"11":{"start":{"line":21,"column":17},"end":{"line":21,"column":53}},"12":{"start":{"line":22,"column":5},"end":{"line":26,"column":8}},"13":{"start":{"line":23,"column":7},"end":{"line":25,"column":10}},"14":{"start":{"line":24,"column":9},"end":{"line":24,"column":30}},"15":{"start":{"line":27,"column":18},"end":{"line":27,"column":52}},"16":{"start":{"line":29,"column":22},"end":{"line":29,"column":62}},"17":{"start":{"line":30,"column":5},"end":{"line":35,"column":8}},"18":{"start":{"line":31,"column":7},"end":{"line":34,"column":10}},"19":{"start":{"line":32,"column":9},"end":{"line":32,"column":32}},"20":{"start":{"line":33,"column":9},"end":{"line":33,"column":60}},"21":{"start":{"line":37,"column":5},"end":{"line":42,"column":6}},"22":{"start":{"line":37,"column":18},"end":{"line":37,"column":19}},"23":{"start":{"line":38,"column":7},"end":{"line":41,"column":10}},"24":{"start":{"line":39,"column":9},"end":{"line":39,"column":41}},"25":{"start":{"line":40,"column":9},"end":{"line":40,"column":43}},"26":{"start":{"line":44,"column":5},"end":{"line":53,"column":8}},"27":{"start":{"line":45,"column":7},"end":{"line":52,"column":10}},"28":{"start":{"line":46,"column":9},"end":{"line":50,"column":10}},"29":{"start":{"line":47,"column":11},"end":{"line":47,"column":31}},"30":{"start":{"line":49,"column":11},"end":{"line":49,"column":32}},"31":{"start":{"line":51,"column":9},"end":{"line":51,"column":60}},"32":{"start":{"line":56,"column":20},"end":{"line":62,"column":4}},"33":{"start":{"line":57,"column":19},"end":{"line":57,"column":68}},"34":{"start":{"line":58,"column":5},"end":{"line":61,"column":6}},"35":{"start":{"line":59,"column":7},"end":{"line":59,"column":24}},"36":{"start":{"line":60,"column":7},"end":{"line":60,"column":58}},"37":{"start":{"line":64,"column":21},"end":{"line":71,"column":4}},"38":{"start":{"line":65,"column":5},"end":{"line":65,"column":23}},"39":{"start":{"line":66,"column":5},"end":{"line":68,"column":8}},"40":{"start":{"line":67,"column":7},"end":{"line":67,"column":23}},"41":{"start":{"line":69,"column":5},"end":{"line":69,"column":56}},"42":{"start":{"line":70,"column":5},"end":{"line":70,"column":28}}},"fnMap":{"0":{"name":"(anonymous_0)","decl":{"start":{"line":9,"column":2},"end":{"line":9,"column":3}},"loc":{"start":{"line":9,"column":33},"end":{"line":13,"column":3}},"line":9},"1":{"name":"(anonymous_1)","decl":{"start":{"line":16,"column":24},"end":{"line":16,"column":25}},"loc":{"start":{"line":16,"column":30},"end":{"line":54,"column":4}},"line":16},"2":{"name":"(anonymous_2)","decl":{"start":{"line":17,"column":32},"end":{"line":17,"column":33}},"loc":{"start":{"line":17,"column":42},"end":{"line":18,"column":109}},"line":17},"3":{"name":"(anonymous_3)","decl":{"start":{"line":22,"column":17},"end":{"line":22,"column":18}},"loc":{"start":{"line":22,"column":27},"end":{"line":26,"column":6}},"line":22},"4":{"name":"(anonymous_4)","decl":{"start":{"line":23,"column":35},"end":{"line":23,"column":36}},"loc":{"start":{"line":23,"column":41},"end":{"line":25,"column":8}},"line":23},"5":{"name":"(anonymous_5)","decl":{"start":{"line":30,"column":22},"end":{"line":30,"column":23}},"loc":{"start":{"line":30,"column":32},"end":{"line":35,"column":6}},"line":30},"6":{"name":"(anonymous_6)","decl":{"start":{"line":31,"column":36},"end":{"line":31,"column":37}},"loc":{"start":{"line":31,"column":42},"end":{"line":34,"column":8}},"line":31},"7":{"name":"(anonymous_7)","decl":{"start":{"line":38,"column":44},"end":{"line":38,"column":45}},"loc":{"start":{"line":38,"column":50},"end":{"line":41,"column":8}},"line":38},"8":{"name":"(anonymous_8)","decl":{"start":{"line":44,"column":18},"end":{"line":44,"column":19}},"loc":{"start":{"line":44,"column":28},"end":{"line":53,"column":6}},"line":44},"9":{"name":"(anonymous_9)","decl":{"start":{"line":45,"column":36},"end":{"line":45,"column":37}},"loc":{"start":{"line":45,"column":42},"end":{"line":52,"column":8}},"line":45},"10":{"name":"(anonymous_10)","decl":{"start":{"line":56,"column":20},"end":{"line":56,"column":21}},"loc":{"start":{"line":56,"column":26},"end":{"line":62,"column":4}},"line":56},"11":{"name":"(anonymous_11)","decl":{"start":{"line":64,"column":21},"end":{"line":64,"column":22}},"loc":{"start":{"line":64,"column":28},"end":{"line":71,"column":4}},"line":64},"12":{"name":"(anonymous_12)","decl":{"start":{"line":66,"column":18},"end":{"line":66,"column":19}},"loc":{"start":{"line":66,"column":28},"end":{"line":68,"column":6}},"line":66}},"branchMap":{"0":{"loc":{"start":{"line":5,"column":13},"end":{"line":5,"column":59}},"type":"binary-expr","locations":[{"start":{"line":5,"column":13},"end":{"line":5,"column":53}},{"start":{"line":5,"column":57},"end":{"line":5,"column":59}}],"line":5},"1":{"loc":{"start":{"line":46,"column":9},"end":{"line":50,"column":10}},"type":"if","locations":[{"start":{"line":46,"column":9},"end":{"line":50,"column":10}},{"start":{"line":48,"column":16},"end":{"line":50,"column":10}}],"line":46},"2":{"loc":{"start":{"line":58,"column":5},"end":{"line":61,"column":6}},"type":"if","locations":[{"start":{"line":58,"column":5},"end":{"line":61,"column":6}},{"start":{},"end":{}}],"line":58}},"s":{"0":1,"1":1,"2":1,"3":1,"4":1,"5":1,"6":1,"7":1,"8":0,"9":0,"10":0,"11":0,"12":0,"13":0,"14":0,"15":0,"16":0,"17":0,"18":0,"19":0,"20":0,"21":0,"22":0,"23":0,"24":0,"25":0,"26":0,"27":0,"28":0,"29":0,"30":0,"31":0,"32":1,"33":0,"34":0,"35":0,"36":0,"37":1,"38":0,"39":0,"40":0,"41":0,"42":0},"f":{"0":1,"1":0,"2":0,"3":0,"4":0,"5":0,"6":0,"7":0,"8":0,"9":0,"10":0,"11":0,"12":0},"b":{"0":[1,1],"1":[0,0],"2":[0,0]},"_coverageSchema":"1a1c01bbd47fc00a2c39e90264f33305004495a9","hash":"699260733ed0012cd96104ec8db2ec50ec222f00"}
}
